{"/home/rajiv/AWS-work/capstone/backend/src/server.js": {"path":"/home/rajiv/AWS-work/capstone/backend/src/server.js","statementMap":{"0":{"start":{"line":1,"column":0},"end":{"line":1,"column":27}},"1":{"start":{"line":2,"column":16},"end":{"line":2,"column":34}},"2":{"start":{"line":3,"column":16},"end":{"line":3,"column":31}},"3":{"start":{"line":4,"column":19},"end":{"line":4,"column":34}},"4":{"start":{"line":5,"column":19},"end":{"line":5,"column":44}},"5":{"start":{"line":7,"column":13},"end":{"line":7,"column":22}},"6":{"start":{"line":8,"column":13},"end":{"line":8,"column":37}},"7":{"start":{"line":11,"column":0},"end":{"line":11,"column":62}},"8":{"start":{"line":12,"column":0},"end":{"line":12,"column":24}},"9":{"start":{"line":15,"column":0},"end":{"line":17,"column":3}},"10":{"start":{"line":16,"column":2},"end":{"line":16,"column":66}},"11":{"start":{"line":19,"column":0},"end":{"line":19,"column":34}},"12":{"start":{"line":22,"column":0},"end":{"line":24,"column":3}},"13":{"start":{"line":23,"column":2},"end":{"line":23,"column":53}},"14":{"start":{"line":27,"column":0},"end":{"line":38,"column":1}},"15":{"start":{"line":28,"column":2},"end":{"line":37,"column":7}},"16":{"start":{"line":30,"column":6},"end":{"line":32,"column":8}},"17":{"start":{"line":31,"column":8},"end":{"line":31,"column":70}},"18":{"start":{"line":35,"column":6},"end":{"line":35,"column":52}},"19":{"start":{"line":36,"column":6},"end":{"line":36,"column":22}},"20":{"start":{"line":40,"column":0},"end":{"line":40,"column":21}}},"fnMap":{"0":{"name":"(anonymous_0)","decl":{"start":{"line":15,"column":23},"end":{"line":15,"column":24}},"loc":{"start":{"line":15,"column":37},"end":{"line":17,"column":1}},"line":15},"1":{"name":"(anonymous_1)","decl":{"start":{"line":22,"column":8},"end":{"line":22,"column":9}},"loc":{"start":{"line":22,"column":22},"end":{"line":24,"column":1}},"line":22},"2":{"name":"(anonymous_2)","decl":{"start":{"line":29,"column":10},"end":{"line":29,"column":11}},"loc":{"start":{"line":29,"column":16},"end":{"line":33,"column":5}},"line":29},"3":{"name":"(anonymous_3)","decl":{"start":{"line":30,"column":23},"end":{"line":30,"column":24}},"loc":{"start":{"line":31,"column":8},"end":{"line":31,"column":70}},"line":31},"4":{"name":"(anonymous_4)","decl":{"start":{"line":34,"column":11},"end":{"line":34,"column":12}},"loc":{"start":{"line":34,"column":18},"end":{"line":37,"column":5}},"line":34}},"branchMap":{"0":{"loc":{"start":{"line":8,"column":13},"end":{"line":8,"column":37}},"type":"binary-expr","locations":[{"start":{"line":8,"column":13},"end":{"line":8,"column":29}},{"start":{"line":8,"column":33},"end":{"line":8,"column":37}}],"line":8},"1":{"loc":{"start":{"line":11,"column":23},"end":{"line":11,"column":57}},"type":"binary-expr","locations":[{"start":{"line":11,"column":23},"end":{"line":11,"column":50}},{"start":{"line":11,"column":54},"end":{"line":11,"column":57}}],"line":11},"2":{"loc":{"start":{"line":27,"column":0},"end":{"line":38,"column":1}},"type":"if","locations":[{"start":{"line":27,"column":0},"end":{"line":38,"column":1}},{"start":{},"end":{}}],"line":27}},"s":{"0":1,"1":1,"2":1,"3":1,"4":1,"5":1,"6":1,"7":1,"8":1,"9":1,"10":1,"11":1,"12":1,"13":0,"14":1,"15":0,"16":0,"17":0,"18":0,"19":0,"20":1},"f":{"0":1,"1":0,"2":0,"3":0,"4":0},"b":{"0":[1,0],"1":[1,0],"2":[0,1]},"_coverageSchema":"1a1c01bbd47fc00a2c39e90264f33305004495a9","hash":"d02a2b6c00bf81914127ed06425427d5ec50cfec"}
,"/home/rajiv/AWS-work/capstone/backend/src/routes/tasks.js": {"path":"/home/rajiv/AWS-work/capstone/backend/src/routes/tasks.js","statementMap":{"0":{"start":{"line":1,"column":16},"end":{"line":1,"column":34}},"1":{"start":{"line":2,"column":16},"end":{"line":2,"column":32}},"2":{"start":{"line":3,"column":20},"end":{"line":3,"column":36}},"3":{"start":{"line":6,"column":0},"end":{"line":15,"column":3}},"4":{"start":{"line":7,"column":2},"end":{"line":14,"column":3}},"5":{"start":{"line":8,"column":19},"end":{"line":10,"column":5}},"6":{"start":{"line":11,"column":4},"end":{"line":11,"column":19}},"7":{"start":{"line":13,"column":4},"end":{"line":13,"column":49}},"8":{"start":{"line":18,"column":0},"end":{"line":28,"column":3}},"9":{"start":{"line":19,"column":2},"end":{"line":27,"column":3}},"10":{"start":{"line":20,"column":19},"end":{"line":22,"column":5}},"11":{"start":{"line":23,"column":4},"end":{"line":23,"column":79}},"12":{"start":{"line":23,"column":22},"end":{"line":23,"column":79}},"13":{"start":{"line":24,"column":4},"end":{"line":24,"column":22}},"14":{"start":{"line":26,"column":4},"end":{"line":26,"column":49}},"15":{"start":{"line":31,"column":0},"end":{"line":43,"column":3}},"16":{"start":{"line":32,"column":50},"end":{"line":32,"column":58}},"17":{"start":{"line":33,"column":2},"end":{"line":33,"column":74}},"18":{"start":{"line":33,"column":14},"end":{"line":33,"column":74}},"19":{"start":{"line":34,"column":2},"end":{"line":42,"column":3}},"20":{"start":{"line":35,"column":21},"end":{"line":38,"column":5}},"21":{"start":{"line":39,"column":4},"end":{"line":39,"column":78}},"22":{"start":{"line":41,"column":4},"end":{"line":41,"column":49}},"23":{"start":{"line":46,"column":0},"end":{"line":58,"column":3}},"24":{"start":{"line":47,"column":41},"end":{"line":47,"column":49}},"25":{"start":{"line":48,"column":2},"end":{"line":57,"column":3}},"26":{"start":{"line":49,"column":21},"end":{"line":52,"column":5}},"27":{"start":{"line":53,"column":4},"end":{"line":53,"column":87}},"28":{"start":{"line":53,"column":30},"end":{"line":53,"column":87}},"29":{"start":{"line":54,"column":4},"end":{"line":54,"column":64}},"30":{"start":{"line":56,"column":4},"end":{"line":56,"column":49}},"31":{"start":{"line":61,"column":0},"end":{"line":71,"column":3}},"32":{"start":{"line":62,"column":2},"end":{"line":70,"column":3}},"33":{"start":{"line":63,"column":21},"end":{"line":65,"column":5}},"34":{"start":{"line":66,"column":4},"end":{"line":66,"column":87}},"35":{"start":{"line":66,"column":30},"end":{"line":66,"column":87}},"36":{"start":{"line":67,"column":4},"end":{"line":67,"column":42}},"37":{"start":{"line":69,"column":4},"end":{"line":69,"column":49}},"38":{"start":{"line":73,"column":0},"end":{"line":73,"column":24}}},"fnMap":{"0":{"name":"(anonymous_0)","decl":{"start":{"line":6,"column":16},"end":{"line":6,"column":17}},"loc":{"start":{"line":6,"column":36},"end":{"line":15,"column":1}},"line":6},"1":{"name":"(anonymous_1)","decl":{"start":{"line":18,"column":19},"end":{"line":18,"column":20}},"loc":{"start":{"line":18,"column":39},"end":{"line":28,"column":1}},"line":18},"2":{"name":"(anonymous_2)","decl":{"start":{"line":31,"column":17},"end":{"line":31,"column":18}},"loc":{"start":{"line":31,"column":37},"end":{"line":43,"column":1}},"line":31},"3":{"name":"(anonymous_3)","decl":{"start":{"line":46,"column":19},"end":{"line":46,"column":20}},"loc":{"start":{"line":46,"column":39},"end":{"line":58,"column":1}},"line":46},"4":{"name":"(anonymous_4)","decl":{"start":{"line":61,"column":22},"end":{"line":61,"column":23}},"loc":{"start":{"line":61,"column":42},"end":{"line":71,"column":1}},"line":61}},"branchMap":{"0":{"loc":{"start":{"line":23,"column":4},"end":{"line":23,"column":79}},"type":"if","locations":[{"start":{"line":23,"column":4},"end":{"line":23,"column":79}},{"start":{},"end":{}}],"line":23},"1":{"loc":{"start":{"line":32,"column":30},"end":{"line":32,"column":45}},"type":"default-arg","locations":[{"start":{"line":32,"column":39},"end":{"line":32,"column":45}}],"line":32},"2":{"loc":{"start":{"line":33,"column":2},"end":{"line":33,"column":74}},"type":"if","locations":[{"start":{"line":33,"column":2},"end":{"line":33,"column":74}},{"start":{},"end":{}}],"line":33},"3":{"loc":{"start":{"line":37,"column":14},"end":{"line":37,"column":31}},"type":"binary-expr","locations":[{"start":{"line":37,"column":14},"end":{"line":37,"column":25}},{"start":{"line":37,"column":29},"end":{"line":37,"column":31}}],"line":37},"4":{"loc":{"start":{"line":53,"column":4},"end":{"line":53,"column":87}},"type":"if","locations":[{"start":{"line":53,"column":4},"end":{"line":53,"column":87}},{"start":{},"end":{}}],"line":53},"5":{"loc":{"start":{"line":66,"column":4},"end":{"line":66,"column":87}},"type":"if","locations":[{"start":{"line":66,"column":4},"end":{"line":66,"column":87}},{"start":{},"end":{}}],"line":66}},"s":{"0":1,"1":1,"2":1,"3":1,"4":1,"5":1,"6":1,"7":0,"8":1,"9":2,"10":2,"11":2,"12":1,"13":1,"14":0,"15":1,"16":5,"17":5,"18":1,"19":4,"20":4,"21":4,"22":0,"23":1,"24":1,"25":1,"26":1,"27":1,"28":0,"29":1,"30":0,"31":1,"32":1,"33":1,"34":1,"35":0,"36":1,"37":0,"38":1},"f":{"0":1,"1":2,"2":5,"3":1,"4":1},"b":{"0":[1,1],"1":[5],"2":[1,4],"3":[4,3],"4":[0,1],"5":[0,1]},"_coverageSchema":"1a1c01bbd47fc00a2c39e90264f33305004495a9","hash":"556351cd632b44004951f65ada98c2bb746c2da5"}
}
