TN:
SF:src/server.js
FN:15,(anonymous_0)
FN:22,(anonymous_1)
FN:29,(anonymous_2)
FN:30,(anonymous_3)
FN:34,(anonymous_4)
FNF:5
FNH:1
FNDA:1,(anonymous_0)
FNDA:0,(anonymous_1)
FNDA:0,(anonymous_2)
FNDA:0,(anonymous_3)
FNDA:0,(anonymous_4)
DA:1,1
DA:2,1
DA:3,1
DA:4,1
DA:5,1
DA:7,1
DA:8,1
DA:11,1
DA:12,1
DA:15,1
DA:16,1
DA:19,1
DA:22,1
DA:23,0
DA:27,1
DA:28,0
DA:30,0
DA:31,0
DA:35,0
DA:36,0
DA:40,1
LF:21
LH:15
BRDA:8,0,0,1
BRDA:8,0,1,0
BRDA:11,1,0,1
BRDA:11,1,1,0
BRDA:27,2,0,0
BRDA:27,2,1,1
BRF:6
BRH:3
end_of_record
TN:
SF:src/routes/tasks.js
FN:6,(anonymous_0)
FN:18,(anonymous_1)
FN:31,(anonymous_2)
FN:46,(anonymous_3)
FN:61,(anonymous_4)
FNF:5
FNH:5
FNDA:1,(anonymous_0)
FNDA:2,(anonymous_1)
FNDA:5,(anonymous_2)
FNDA:1,(anonymous_3)
FNDA:1,(anonymous_4)
DA:1,1
DA:2,1
DA:3,1
DA:6,1
DA:7,1
DA:8,1
DA:11,1
DA:13,0
DA:18,1
DA:19,2
DA:20,2
DA:23,2
DA:24,1
DA:26,0
DA:31,1
DA:32,5
DA:33,5
DA:34,4
DA:35,4
DA:39,4
DA:41,0
DA:46,1
DA:47,1
DA:48,1
DA:49,1
DA:53,1
DA:54,1
DA:56,0
DA:61,1
DA:62,1
DA:63,1
DA:66,1
DA:67,1
DA:69,0
DA:73,1
LF:35
LH:30
BRDA:23,0,0,1
BRDA:23,0,1,1
BRDA:32,1,0,5
BRDA:33,2,0,1
BRDA:33,2,1,4
BRDA:37,3,0,4
BRDA:37,3,1,3
BRDA:53,4,0,0
BRDA:53,4,1,1
BRDA:66,5,0,0
BRDA:66,5,1,1
BRF:11
BRH:9
end_of_record
